<?xml version="1.0" encoding="UTF-8"?>
<!-- Generated by org.testng.reporters.JUnitXMLReporter -->
<testsuite ignored="4" hostname="KOUSHIK" failures="1" tests="9" name="Test" time="20.945" errors="0" timestamp="2024-12-03T17:34:18 IST">
  <testcase classname="com.actitime.generic.ProjectModule" name="createproject" time="0.035"/>
  <testcase classname="com.actitime.generic.ProjectModule" name="deleteproject" time="0.002"/>
  <testcase classname="com.actitime.generic.ProjectModule" name="modifyproject" time="0.012"/>
  <testcase classname="com.actitime.generic.CustomerModule" name="createcustomer" time="0.004"/>
  <testcase classname="com.actitime.generic.CustomerModule" name="deletecustomer" time="0.004"/>
  <testcase classname="com.actitime.generic.CustomerModule" name="modifycustomer" time="0.016">
    <failure type="java.lang.AssertionError" message="null">
      <![CDATA[java.lang.AssertionError: null
at com.actitime.generic.CustomerModule.modifycustomer(CustomerModule.java:21)
at java.base/java.util.ArrayList.forEach(ArrayList.java:1597)
... Removed 27 stack frames]]>
    </failure>
  </testcase> <!-- modifycustomer -->
  <testcase classname="com.actitime.generic.UserModule" name="createuser" time="0.009"/>
  <testcase classname="com.actitime.generic.UserModule" name="deleteuser" time="0.004"/>
  <testcase classname="com.actitime.generic.UserModule" name="modifyuser" time="0.013"/>
  <testcase classname="com.actitime.generic.BaseClass" name="@AfterTest closeBrowser" time="0.0">
    <ignored/>
  </testcase> <!-- @AfterTest closeBrowser -->
  <testcase classname="com.actitime.generic.BaseClass" name="@AfterTest closeBrowser" time="0.0">
    <ignored/>
  </testcase> <!-- @AfterTest closeBrowser -->
  <testcase classname="com.actitime.generic.BaseClass" name="@BeforeTest openBrowser" time="0.0">
    <ignored/>
  </testcase> <!-- @BeforeTest openBrowser -->
  <testcase classname="com.actitime.generic.BaseClass" name="@BeforeTest openBrowser" time="0.0">
    <ignored/>
  </testcase> <!-- @BeforeTest openBrowser -->
</testsuite> <!-- Test -->
